<?xml version="1.0" encoding="UTF-8"?>
<testsuite xmlns:xsi="http://www.w3.org/2001/XMLSchema-instance" xsi:schemaLocation="https://maven.apache.org/surefire/maven-surefire-plugin/xsd/surefire-test-report.xsd" name="tn.esprit.spring.services.EntrepriseTest" time="6.62" tests="8" errors="0" skipped="0" failures="0">
  <properties>
[...]
</properties>
  <testcase name="testdeleteEntrepriseById" classname="tn.esprit.spring.services.EntrepriseTest" time="0.186"/>
  <testcase name="testgetAllDepartements" classname="tn.esprit.spring.services.EntrepriseTest" time="0.085"/>
  <testcase name="testgetEntrepriseById" classname="tn.esprit.spring.services.EntrepriseTest" time="0.008"/>
  <testcase name="testAjouterEntreprise" classname="tn.esprit.spring.services.EntrepriseTest" time="0.014"/>
  <testcase name="testgetAllDepartementsByEntreprise" classname="tn.esprit.spring.services.EntrepriseTest" time="0.004"/>
  <testcase name="testajouterDepartement" classname="tn.esprit.spring.services.EntrepriseTest" time="0.007"/>
  <testcase name="testdeleteDepartementById" classname="tn.esprit.spring.services.EntrepriseTest" time="0.01"/>
  <testcase name="testaffecterDepartementAEntreprise" classname="tn.esprit.spring.services.EntrepriseTest" time="0.032"/>
</testsuite>